
[Hexmod17]	[3.9.6.3]	[12 Mar 2013]


Copyright (c) Robert Bosch Gmbh Ltd. 


This product includes "Xerces" software developed by
Apache Software Foundation (http://www.apache.org/)


%HexMod-I-BASEIO-READ          :reading Input Hex File <_buildgen\Output\NewEagle_ME1735_810D0_8A13_linker.hex>
%HexMod-I-BASEIO-READ          :reading line 16384
%HexMod-I-BASEIO-READ          :reading line 32768
%HexMod-I-BASEIO-READ          :reading input file <_buildgen\Output\NewEagle_ME1735_810D0_8A13_linker.hex> completed successfully!
%HexMod-I-BASEIO-READ          :reading Input Hex File <hex_files\cb_int.hex>
%HexMod-I-BASEIO-READ          :reading input file <hex_files\cb_int.hex> completed successfully!
%HexMod-I-BASEIO-READ          :reading Input Hex File <hex_files\hsb_auto_conf.hex>
%HexMod-I-BASEIO-READ          :reading input file <hex_files\hsb_auto_conf.hex> completed successfully!
%HexMod-I-BASEIO-READ          :reading Input Hex File <hex_files\sb_auto_conf.hex>
%HexMod-I-BASEIO-READ          :reading input file <hex_files\sb_auto_conf.hex> completed successfully!
%HexMod-I-BASEIO-READ          :reading Input Hex File <hex_files\tprot_auto_conf.hex>
%HexMod-I-BASEIO-READ          :reading input file <hex_files\tprot_auto_conf.hex> completed successfully!
%HexMod-I-BASEIO-READ          :reading Input Hex File <hex_files\tprot_auto_src_conf.hex>
%HexMod-I-BASEIO-READ          :reading input file <hex_files\tprot_auto_src_conf.hex> completed successfully!
%HexMod-I-BASEIO-READ          :processing Mem-Copy from <0x80000000> to <0x80000000> of length <0xFC78>
%HexMod-I-BASEIO-READ          :processing Mem-Copy from <0x8000FC78> to <0x8000FC78> of length <0x8C>
%HexMod-I-BASEIO-READ          :processing Mem-Copy from <0x8000FD04> to <0x8000FD04> of length <0x2FC>
%HexMod-I-BASEIO-READ          :processing Mem-Copy from <0x80010000> to <0x80010000> of length <0x4000>
%HexMod-I-BASEIO-READ          :processing Mem-Copy from <0x80014000> to <0x80014000> of length <0x3E74>
%HexMod-I-BASEIO-READ          :processing Mem-Copy from <0x80017E74> to <0x80017E74> of length <0x18C>
%HexMod-I-BASEIO-READ          :processing Mem-Copy from <0x80018000> to <0x80018000> of length <0x7E74>
%HexMod-I-BASEIO-READ          :processing Mem-Copy from <0x8001FE74> to <0x8001FE74> of length <0x18C>
%HexMod-I-BASEIO-READ          :processing Mem-Copy from <0x80020000> to <0x80020000> of length <0x1DFF74>
%HexMod-I-BASEIO-READ          :processing Mem-Copy from <0x801FFF74> to <0x801FFF74> of length <0x8C>
%HexMod-I-BASEIO-READ          :processing Mem-Copy from <0x80800000> to <0x80800000> of length <0x17FF74>
%HexMod-I-BASEIO-READ          :processing Mem-Copy from <0x8097FF74> to <0x8097FF74> of length <0x8C>
%HexMod-I-BASEIO-READ          :processing Mem-Copy from <0x80980000> to <0x80980000> of length <0x7BF74>
%HexMod-I-BASEIO-READ          :processing Mem-Copy from <0x809FBF74> to <0x809FBF74> of length <0x8C>
%HexMod-I-BASEIO-READ          :processing Mem-Copy from <0x809FC000> to <0x809FC000> of length <0x4000>
%HexMod-W-BASEIO-READ          :address <0x809FC000> is out of range in input file!!
%HexMod-W-BASEIO-READ          :address <0x809FC000> is out of range in input file!!
%HexMod-I-INFOBLK-READ         :reading InfoBlock - SB
%HexMod-I-INFOBLK-READ         :reading CheckSumBlock - 0
%HexMod-I-INFOBLK-READ         :reading CheckSumBlock - 1
%HexMod-I-INFOBLK-READ         :reading InfoBlock - TP
%HexMod-I-INFOBLK-READ         :reading CheckSumBlock - 0
%HexMod-I-INFOBLK-READ         :reading InfoBlock - CB
%HexMod-I-INFOBLK-READ         :reading CheckSumBlock - 0
%HexMod-I-INFOBLK-READ         :reading CheckSumBlock - 1
%HexMod-I-INFOBLK-READ         :reading InfoBlock - ASW0
%HexMod-I-INFOBLK-READ         :reading CheckSumBlock - 0
%HexMod-I-INFOBLK-READ         :reading CheckSumBlock - 1
%HexMod-I-INFOBLK-READ         :reading CheckSumBlock - 2
%HexMod-I-INFOBLK-READ         :reading InfoBlock - ASW1
%HexMod-I-INFOBLK-READ         :reading CheckSumBlock - 0
%HexMod-I-INFOBLK-READ         :reading InfoBlock - DS0
%HexMod-I-INFOBLK-READ         :reading CheckSumBlock - 0
%HexMod-I-INFOBLK-READ         :reading CheckSumBlock - 1
%HexMod-I-INFOBLK-LINK         :linking InfoBlocks
%HexMod-I-INFOBLK-LINK         :linking  SB to TP
%HexMod-I-INFOBLK-LINK         :linking  TP to CB
%HexMod-I-INFOBLK-LINK         :linking  CB to ASW0
%HexMod-I-INFOBLK-LINK         :linking  ASW0 to ASW1
%HexMod-I-INFOBLK-LINK         :linking  ASW1 to DS0
%HexMod-I-INFOBLK-LINK         :last infoblock found is DS0
%HexMod-I-INFOBLK-UBIB         :Updating Basis Infoblock <SB> Checksum at Address = 0x80018030 with Val = 0x624503B8
%HexMod-I-INFOBLK-PROCESS      :processing InfoBlock - SB
%HexMod-I-INFOBLK-UBIB         :Updating Infoblock <SB> Checksum at Address = 0x80018074 with Val = 0x3CB4B58D
%HexMod-I-INFOBLK-PROCESS      :processing CheckSumBlock - SB:0
%HexMod-I-INFOBLK-CKS          :Updating CheckSumBlock - SB:0 Checksum at Address = 0x8001FEF8 with Val = 0x5E1DAEBD
%HexMod-I-INFOBLK-PROCESS      :processing CheckSumBlock - SB:1
%HexMod-I-INFOBLK-CKS          :Updating CheckSumBlock - SB:1 Checksum at Address = 0x8001FFDC with Val = 0xB455CE2C
%HexMod-I-INFOBLK-UBIB         :Updating Basis Infoblock <TP> Checksum at Address = 0x80014030 with Val = 0x1DFE704A
%HexMod-I-INFOBLK-PROCESS      :processing InfoBlock - TP
%HexMod-I-INFOBLK-UBIB         :Updating Infoblock <TP> Checksum at Address = 0x80014054 with Val = 0xC2AAECCD
%HexMod-I-INFOBLK-PROCESS      :processing CheckSumBlock - TP:0
%HexMod-I-INFOBLK-CKS          :Updating CheckSumBlock - TP:0 Checksum at Address = 0x80017EF8 with Val = 0xD3499103
%HexMod-I-INFOBLK-TRACE-PROCESS :processing Infoblock CB
%HexMod-I-INFOBLK-PROCESS      :processing CheckSumBlock - CB:1
%HexMod-I-INFOBLK-CKS          :Updating CheckSumBlock - CB:1 Checksum at Address = 0x80000200 with Val = 0x5F8448A9
%HexMod-I-INFOBLK-UBIB         :Updating Basis Infoblock <CB> Checksum at Address = 0x80000030 with Val = 0x97EC8CDB
%HexMod-I-INFOBLK-PROCESS      :processing InfoBlock - CB
%HexMod-I-INFOBLK-UBIB         :Updating Infoblock <CB> Checksum at Address = 0x80000074 with Val = 0xBD819777
%HexMod-I-INFOBLK-UBIB         :Updating Basis Infoblock <CB> Checksum at Address = 0x80000030 with Val = 0x97EC8CDB
%HexMod-W-INFOBLK-PROCESS      :checksum Value Before updation is <0x97EC8CDB> not 0xAFAFAFAF!!
%HexMod-I-INFOBLK-PROCESS      :processing InfoBlock - CB
%HexMod-I-INFOBLK-UBIB         :Updating Infoblock <CB> Checksum at Address = 0x80000074 with Val = 0xBD819777
%HexMod-W-INFOBLK-PROCESS      :checksum Value Before updation is <0xBD819777> not 0xAFAFAFAF!!
%HexMod-I-INFOBLK-PROCESS      :processing CheckSumBlock - CB:0
%HexMod-I-INFOBLK-CKS          :Updating CheckSumBlock - CB:0 Checksum at Address = 0x8000FCFC with Val = 0x2B39268D
%HexMod-I-INFOBLK-UBIB         :Updating Basis Infoblock <CB> Checksum at Address = 0x80000030 with Val = 0x97EC8CDB
%HexMod-W-INFOBLK-PROCESS      :checksum Value Before updation is <0x97EC8CDB> not 0xAFAFAFAF!!
%HexMod-I-INFOBLK-PROCESS      :processing InfoBlock - CB
%HexMod-I-INFOBLK-UBIB         :Updating Infoblock <CB> Checksum at Address = 0x80000074 with Val = 0xBD819777
%HexMod-W-INFOBLK-PROCESS      :checksum Value Before updation is <0xBD819777> not 0xAFAFAFAF!!
%HexMod-I-INFOBLK-PROCESS      :processing CheckSumBlock - CB:0
%HexMod-I-INFOBLK-CKS          :Updating CheckSumBlock - CB:0 Checksum at Address = 0x8000FCFC with Val = 0x2B39268D
%HexMod-W-INFOBLK-PROCESS      :checksum Value Before updation is <0x2B39268D> not 0xAFAFAFAF!!
%HexMod-I-INFOBLK-TRACE-PROCESS :processing Infoblock ASW0
%HexMod-I-INFOBLK-TRACE        :found dependent block CB!
%HexMod-I-INFOBLK-PROCESS      :processing CheckSumBlock - ASW0:2
%HexMod-I-INFOBLK-CKS          :Updating CheckSumBlock - ASW0:2 Checksum at Address = 0x80025D6C with Val = 0x8E3D443B
%HexMod-I-INFOBLK-PROCESS      :processing CheckSumBlock - ASW0:1
%HexMod-I-INFOBLK-CKS          :Updating CheckSumBlock - ASW0:1 Checksum at Address = 0x8003C4A0 with Val = 0xC13A7CBE
%HexMod-I-INFOBLK-UBIB         :Updating Basis Infoblock <ASW0> Checksum at Address = 0x80020030 with Val = 0x443567B0
%HexMod-I-INFOBLK-PROCESS      :processing InfoBlock - ASW0
%HexMod-I-INFOBLK-UBIB         :Updating Infoblock <ASW0> Checksum at Address = 0x80020094 with Val = 0x1EC79D30
%HexMod-I-INFOBLK-COMPATIBILITY :copy compatibility from CB to ASW0
%HexMod-I-INFOBLK-UBIB         :Updating Basis Infoblock <ASW0> Checksum at Address = 0x80020030 with Val = 0x443567B0
%HexMod-W-INFOBLK-PROCESS      :checksum Value Before updation is <0x443567B0> not 0xAFAFAFAF!!
%HexMod-I-INFOBLK-PROCESS      :processing InfoBlock - ASW0
%HexMod-I-INFOBLK-UBIB         :Updating Infoblock <ASW0> Checksum at Address = 0x80020094 with Val = 0x1EC79D30
%HexMod-W-INFOBLK-PROCESS      :checksum Value Before updation is <0x1EC79D30> not 0xAFAFAFAF!!
%HexMod-I-INFOBLK-COMPATIBILITY :copy compatibility from CB to ASW0
%HexMod-I-INFOBLK-PROCESS      :processing CheckSumBlock - ASW0:0
%HexMod-I-INFOBLK-CKS          :Updating CheckSumBlock - ASW0:0 Checksum at Address = 0x801FFFF8 with Val = 0x4BB9D4A4
%HexMod-I-INFOBLK-UBIB         :Updating Basis Infoblock <ASW0> Checksum at Address = 0x80020030 with Val = 0x443567B0
%HexMod-W-INFOBLK-PROCESS      :checksum Value Before updation is <0x443567B0> not 0xAFAFAFAF!!
%HexMod-I-INFOBLK-PROCESS      :processing InfoBlock - ASW0
%HexMod-I-INFOBLK-UBIB         :Updating Infoblock <ASW0> Checksum at Address = 0x80020094 with Val = 0x1EC79D30
%HexMod-W-INFOBLK-PROCESS      :checksum Value Before updation is <0x1EC79D30> not 0xAFAFAFAF!!
%HexMod-I-INFOBLK-PROCESS      :processing CheckSumBlock - ASW0:0
%HexMod-I-INFOBLK-CKS          :Updating CheckSumBlock - ASW0:0 Checksum at Address = 0x801FFFF8 with Val = 0x4BB9D4A4
%HexMod-W-INFOBLK-PROCESS      :checksum Value Before updation is <0x4BB9D4A4> not 0xAFAFAFAF!!
%HexMod-I-INFOBLK-TRACE-PROCESS :processing Infoblock ASW1
%HexMod-I-INFOBLK-TRACE        :found dependent block ASW0!
%HexMod-I-INFOBLK-UBIB         :Updating Basis Infoblock <ASW1> Checksum at Address = 0x80800030 with Val = 0x5E00301A
%HexMod-I-INFOBLK-PROCESS      :processing InfoBlock - ASW1
%HexMod-I-INFOBLK-UBIB         :Updating Infoblock <ASW1> Checksum at Address = 0x80800054 with Val = 0x934B896E
%HexMod-I-INFOBLK-COMPATIBILITY :copy compatibility from ASW0 to ASW1
%HexMod-I-INFOBLK-UBIB         :Updating Basis Infoblock <ASW1> Checksum at Address = 0x80800030 with Val = 0x5E00301A
%HexMod-W-INFOBLK-PROCESS      :checksum Value Before updation is <0x5E00301A> not 0xAFAFAFAF!!
%HexMod-I-INFOBLK-PROCESS      :processing InfoBlock - ASW1
%HexMod-I-INFOBLK-UBIB         :Updating Infoblock <ASW1> Checksum at Address = 0x80800054 with Val = 0x934B896E
%HexMod-W-INFOBLK-PROCESS      :checksum Value Before updation is <0x934B896E> not 0xAFAFAFAF!!
%HexMod-I-INFOBLK-COMPATIBILITY :copy compatibility from ASW0 to ASW1
%HexMod-I-INFOBLK-PROCESS      :processing CheckSumBlock - ASW1:0
%HexMod-I-INFOBLK-CKS          :Updating CheckSumBlock - ASW1:0 Checksum at Address = 0x8097FFF8 with Val = 0x81DD7EFB
%HexMod-I-INFOBLK-UBIB         :Updating Basis Infoblock <ASW1> Checksum at Address = 0x80800030 with Val = 0x5E00301A
%HexMod-W-INFOBLK-PROCESS      :checksum Value Before updation is <0x5E00301A> not 0xAFAFAFAF!!
%HexMod-I-INFOBLK-PROCESS      :processing InfoBlock - ASW1
%HexMod-I-INFOBLK-UBIB         :Updating Infoblock <ASW1> Checksum at Address = 0x80800054 with Val = 0x934B896E
%HexMod-W-INFOBLK-PROCESS      :checksum Value Before updation is <0x934B896E> not 0xAFAFAFAF!!
%HexMod-I-INFOBLK-UBIB         :Updating Basis Infoblock <ASW1> Checksum at Address = 0x80800030 with Val = 0x5E00301A
%HexMod-W-INFOBLK-PROCESS      :checksum Value Before updation is <0x5E00301A> not 0xAFAFAFAF!!
%HexMod-I-INFOBLK-PROCESS      :processing InfoBlock - ASW1
%HexMod-I-INFOBLK-UBIB         :Updating Infoblock <ASW1> Checksum at Address = 0x80800054 with Val = 0x934B896E
%HexMod-W-INFOBLK-PROCESS      :checksum Value Before updation is <0x934B896E> not 0xAFAFAFAF!!
%HexMod-I-INFOBLK-COMPATIBILITY :copy compatibility from ASW0 to ASW1
%HexMod-I-INFOBLK-PROCESS      :processing CheckSumBlock - ASW1:0
%HexMod-I-INFOBLK-CKS          :Updating CheckSumBlock - ASW1:0 Checksum at Address = 0x8097FFF8 with Val = 0x81DD7EFB
%HexMod-W-INFOBLK-PROCESS      :checksum Value Before updation is <0x81DD7EFB> not 0xAFAFAFAF!!
%HexMod-I-INFOBLK-TRACE-PROCESS :processing Infoblock DS0
%HexMod-I-INFOBLK-TRACE        :found dependent block ASW1!
%HexMod-I-INFOBLK-PROCESS      :processing CheckSumBlock - DS0:1
%HexMod-I-INFOBLK-CKS          :Updating CheckSumBlock - DS0:1 Checksum at Address = 0x80980200 with Val = 0xD0185BB5
%HexMod-I-INFOBLK-UBIB         :Updating Basis Infoblock <DS0> Checksum at Address = 0x80980030 with Val = 0xB7D1C32D
%HexMod-I-INFOBLK-PROCESS      :processing InfoBlock - DS0
%HexMod-I-INFOBLK-UBIB         :Updating Infoblock <DS0> Checksum at Address = 0x80980074 with Val = 0xE6A30EAF
%HexMod-I-INFOBLK-COMPATIBILITY :copy compatibility from ASW1 to DS0
%HexMod-I-INFOBLK-UBIB         :Updating Basis Infoblock <DS0> Checksum at Address = 0x80980030 with Val = 0xB7D1C32D
%HexMod-W-INFOBLK-PROCESS      :checksum Value Before updation is <0xB7D1C32D> not 0xAFAFAFAF!!
%HexMod-I-INFOBLK-PROCESS      :processing InfoBlock - DS0
%HexMod-I-INFOBLK-UBIB         :Updating Infoblock <DS0> Checksum at Address = 0x80980074 with Val = 0xE6A30EAF
%HexMod-W-INFOBLK-PROCESS      :checksum Value Before updation is <0xE6A30EAF> not 0xAFAFAFAF!!
%HexMod-I-INFOBLK-COMPATIBILITY :copy compatibility from ASW1 to DS0
%HexMod-I-INFOBLK-PROCESS      :processing CheckSumBlock - DS0:0
%HexMod-I-INFOBLK-CKS          :Updating CheckSumBlock - DS0:0 Checksum at Address = 0x809FBFF8 with Val = 0xD4F6B146
%HexMod-I-INFOBLK-UBIB         :Updating Basis Infoblock <DS0> Checksum at Address = 0x80980030 with Val = 0xB7D1C32D
%HexMod-W-INFOBLK-PROCESS      :checksum Value Before updation is <0xB7D1C32D> not 0xAFAFAFAF!!
%HexMod-I-INFOBLK-PROCESS      :processing InfoBlock - DS0
%HexMod-I-INFOBLK-UBIB         :Updating Infoblock <DS0> Checksum at Address = 0x80980074 with Val = 0xE6A30EAF
%HexMod-W-INFOBLK-PROCESS      :checksum Value Before updation is <0xE6A30EAF> not 0xAFAFAFAF!!
%HexMod-I-INFOBLK-PROCESS      :processing CheckSumBlock - DS0:0
%HexMod-I-INFOBLK-CKS          :Updating CheckSumBlock - DS0:0 Checksum at Address = 0x809FBFF8 with Val = 0xD4F6B146
%HexMod-W-INFOBLK-PROCESS      :checksum Value Before updation is <0xD4F6B146> not 0xAFAFAFAF!!
%HexMod-I-ABM-READ             :primary ABM  Found at Location 0x8001FFE0
%HexMod-I-ABM-PROCESS          :processing ABM
%HexMod-I-CHECKSUM-READ        :aligning checksum range <0x75> for 4 bytes!
%HexMod-I-ABM-READ             :processing ABM completed!
%HexMod-I-BASEIO-WRITE         :writing File <_buildgen\Output\NewEagle_ME1735_810D0_8A13.hex>
