Warning: Function "EpmCaS_CalcAdpStrtCond" not found.
Warning: Function "EpmCrS_DSMErrSig" not found.
Warning: Function "EpmCrS_calcStartCond" not found.
Warning: Function "EpmCrS_calcStopCond" not found.
Warning: Function "EpmCrS_setStateErrSig" not found.
Warning: Function "MILLmp_VD_StM" not found.
Warning: No references to variable "BasSvr_bFuncTstReq" found in function "DSCHED_Proc".
Warning: No references to variable "CoEng_st" found in function "DSCHED_Proc".
Warning: No references to variable "CoEng_st" found in function "DSMAUX_Proc".
Warning: No references to variable "SyC_stMn" found in function "Eep_100ms_Proc".
Warning: No references to variable "SyC_stSub" found in function "Eep_100ms_Proc".
Warning: No references to variable "SyC_stSubOld" found in function "Eep_100ms_Proc".
Warning: No references to variable "Epm_nEng" found in function "EpmCrS_Plaus_2ms_Proc".
Warning: No references to variable "EpmCrS_stSigMode" found in function "EpmRRS_AgDetect_10ms_Proc".
Warning: No references to variable "EpmSyn_stRR" found in function "EpmRRS_AgDetect_10ms_Proc".
Warning: No references to variable "Epm_stOpMode" found in function "EpmRRS_AgDetect_10ms_Proc".
Warning: No references to variable "EpmCrS_stSigMode" found in function "EpmRRS_CheckDGI".
Warning: No references to variable "Epm_stSync" found in function "Epm_OpMode_Proc".
Warning: No references to variable "Epm_stOpMode" found in function "Epm_Spd_10ms_Proc".
Warning: No references to variable "Epm_stSync" found in function "Epm_SwAdp_Proc_10ms".
Warning: No references to any of the specified original variables found in function "Epm_SwAdp_Proc_Sync".
Warning: No references to any of the specified original variables found in function "Epm_SwAdp_Proc_SyncFirst".
Warning: No references to variable "CoEng_st" found in function "MILLmp_VD_Proc_1000ms".
Warning: No references to variable "T15_st" found in function "MRly_DD_Proc_100ms".

No fatal errors occurred.
