

%HexMod-I-LOG-WRITE            : writing Log File <_buildgen\Logs\Tools\hexmod17_merge.log>
%HexMod-W-BASEIO-READ          : address <0x809FC000> is out of range in input file!!
%HexMod-W-BASEIO-READ          : address <0x809FC000> is out of range in input file!!
%HexMod-W-INFOBLK-PROCESS      : checksum Value Before updation is <0x97EC8CDB> not 0xAFAFAFAF!!
%HexMod-W-INFOBLK-PROCESS      : checksum Value Before updation is <0xBD819777> not 0xAFAFAFAF!!
%HexMod-W-INFOBLK-PROCESS      : checksum Value Before updation is <0x97EC8CDB> not 0xAFAFAFAF!!
%HexMod-W-INFOBLK-PROCESS      : checksum Value Before updation is <0xBD819777> not 0xAFAFAFAF!!
%HexMod-W-INFOBLK-PROCESS      : checksum Value Before updation is <0x2B39268D> not 0xAFAFAFAF!!
%HexMod-W-INFOBLK-PROCESS      : checksum Value Before updation is <0x443567B0> not 0xAFAFAFAF!!
%HexMod-W-INFOBLK-PROCESS      : checksum Value Before updation is <0x49801F2B> not 0xAFAFAFAF!!
%HexMod-W-INFOBLK-PROCESS      : checksum Value Before updation is <0x443567B0> not 0xAFAFAFAF!!
%HexMod-W-INFOBLK-PROCESS      : checksum Value Before updation is <0x49801F2B> not 0xAFAFAFAF!!
%HexMod-W-INFOBLK-PROCESS      : checksum Value Before updation is <0x82A6283D> not 0xAFAFAFAF!!
%HexMod-W-INFOBLK-PROCESS      : checksum Value Before updation is <0x5E00301A> not 0xAFAFAFAF!!
%HexMod-W-INFOBLK-PROCESS      : checksum Value Before updation is <0x934B896E> not 0xAFAFAFAF!!
%HexMod-W-INFOBLK-PROCESS      : checksum Value Before updation is <0x5E00301A> not 0xAFAFAFAF!!
%HexMod-W-INFOBLK-PROCESS      : checksum Value Before updation is <0x934B896E> not 0xAFAFAFAF!!
%HexMod-W-INFOBLK-PROCESS      : checksum Value Before updation is <0x5E00301A> not 0xAFAFAFAF!!
%HexMod-W-INFOBLK-PROCESS      : checksum Value Before updation is <0x934B896E> not 0xAFAFAFAF!!
%HexMod-W-INFOBLK-PROCESS      : checksum Value Before updation is <0x81DD7EFB> not 0xAFAFAFAF!!
%HexMod-W-INFOBLK-PROCESS      : checksum Value Before updation is <0xB7D1C32D> not 0xAFAFAFAF!!
%HexMod-W-INFOBLK-PROCESS      : checksum Value Before updation is <0xE6A30EAF> not 0xAFAFAFAF!!
%HexMod-W-INFOBLK-PROCESS      : checksum Value Before updation is <0xB7D1C32D> not 0xAFAFAFAF!!
%HexMod-W-INFOBLK-PROCESS      : checksum Value Before updation is <0xE6A30EAF> not 0xAFAFAFAF!!
%HexMod-W-INFOBLK-PROCESS      : checksum Value Before updation is <0xD4F6B146> not 0xAFAFAFAF!!

[Hexmod17]	[3.9.6.3]	[12 Mar 2013]


Copyright (c) Robert Bosch Gmbh Ltd. 

This product includes "Xerces" software developed by
Apache Software Foundation (http://www.apache.org/)


%HexMod-I-LOG-WRITE		: Hexmod Executed SUCCESSFULLY
